# JRE version: Java(TM) SE Runtime Environment (8.0_281-b09) (build 1.8.0_281-b09)
# Java VM: Java HotSpot(TM) 64-Bit Server VM (25.281-b09 mixed mode windows-amd64 compressed oops)
Heap:
 PSYoungGen      total 384000K, used 301162K [0x00000000d5580000, 0x00000000f5800000, 0x0000000100000000)
  eden space 343552K, 87% used [0x00000000d5580000,0x00000000e7b9a9e0,0x00000000ea500000)
  from space 40448K, 0% used [0x00000000ea500000,0x00000000ea500000,0x00000000ecc80000)
  to   space 44032K, 0% used [0x00000000f2d00000,0x00000000f2d00000,0x00000000f5800000)
 ParOldGen       total 342528K, used 79641K [0x0000000080000000, 0x0000000094e80000, 0x00000000d5580000)
  object space 342528K, 23% used [0x0000000080000000,0x0000000084dc65c0,0x0000000094e80000)
 Metaspace       used 89325K, capacity 93894K, committed 100608K, reserved 1134592K
  class space    used 12408K, capacity 13215K, committed 15104K, reserved 1048576K
GC Heap History (10 events):
Event: 4.341 GC heap before
{Heap before GC invocations=11 (full 3):
 PSYoungGen      total 320000K, used 15348K [0x00000000d5580000, 0x00000000eac00000, 0x0000000100000000)
  eden space 304640K, 0% used [0x00000000d5580000,0x00000000d5580000,0x00000000e7f00000)
  from space 15360K, 99% used [0x00000000e9500000,0x00000000ea3fd330,0x00000000ea400000)
  to   space 22528K, 0% used [0x00000000e7f00000,0x00000000e7f00000,0x00000000e9500000)
 ParOldGen       total 147968K, used 25752K [0x0000000080000000, 0x0000000089080000, 0x00000000d5580000)
  object space 147968K, 17% used [0x0000000080000000,0x0000000081926028,0x0000000089080000)
 Metaspace       used 56546K, capacity 58938K, committed 59136K, reserved 1099776K
  class space    used 7975K, capacity 8432K, committed 8448K, reserved 1048576K
Event: 4.471 GC heap after
Heap after GC invocations=11 (full 3):
 PSYoungGen      total 320000K, used 0K [0x00000000d5580000, 0x00000000eac00000, 0x0000000100000000)
  eden space 304640K, 0% used [0x00000000d5580000,0x00000000d5580000,0x00000000e7f00000)
  from space 15360K, 0% used [0x00000000e9500000,0x00000000e9500000,0x00000000ea400000)
  to   space 22528K, 0% used [0x00000000e7f00000,0x00000000e7f00000,0x00000000e9500000)
 ParOldGen       total 232448K, used 39311K [0x0000000080000000, 0x000000008e300000, 0x00000000d5580000)
  object space 232448K, 16% used [0x0000000080000000,0x0000000082663f58,0x000000008e300000)
 Metaspace       used 56473K, capacity 58692K, committed 59136K, reserved 1099776K
  class space    used 7952K, capacity 8391K, committed 8448K, reserved 1048576K
}
Event: 5.818 GC heap before
{Heap before GC invocations=12 (full 3):
 PSYoungGen      total 320000K, used 304640K [0x00000000d5580000, 0x00000000eac00000, 0x0000000100000000)
  eden space 304640K, 100% used [0x00000000d5580000,0x00000000e7f00000,0x00000000e7f00000)
  from space 15360K, 0% used [0x00000000e9500000,0x00000000e9500000,0x00000000ea400000)
  to   space 22528K, 0% used [0x00000000e7f00000,0x00000000e7f00000,0x00000000e9500000)
 ParOldGen       total 232448K, used 39311K [0x0000000080000000, 0x000000008e300000, 0x00000000d5580000)
  object space 232448K, 16% used [0x0000000080000000,0x0000000082663f58,0x000000008e300000)
 Metaspace       used 69133K, capacity 72852K, committed 73216K, reserved 1112064K
  class space    used 9751K, capacity 10389K, committed 10496K, reserved 1048576K
Event: 5.832 GC heap after
Heap after GC invocations=12 (full 3):
 PSYoungGen      total 327168K, used 22496K [0x00000000d5580000, 0x00000000ee580000, 0x0000000100000000)
  eden space 304640K, 0% used [0x00000000d5580000,0x00000000d5580000,0x00000000e7f00000)
  from space 22528K, 99% used [0x00000000e7f00000,0x00000000e94f81b0,0x00000000e9500000)
  to   space 25600K, 0% used [0x00000000ecc80000,0x00000000ecc80000,0x00000000ee580000)
 ParOldGen       total 232448K, used 39624K [0x0000000080000000, 0x000000008e300000, 0x00000000d5580000)
  object space 232448K, 17% used [0x0000000080000000,0x00000000826b2188,0x000000008e300000)
 Metaspace       used 69133K, capacity 72852K, committed 73216K, reserved 1112064K
  class space    used 9751K, capacity 10389K, committed 10496K, reserved 1048576K
}
Event: 8.234 GC heap before
{Heap before GC invocations=13 (full 3):
 PSYoungGen      total 327168K, used 327136K [0x00000000d5580000, 0x00000000ee580000, 0x0000000100000000)
  eden space 304640K, 100% used [0x00000000d5580000,0x00000000e7f00000,0x00000000e7f00000)
  from space 22528K, 99% used [0x00000000e7f00000,0x00000000e94f81b0,0x00000000e9500000)
  to   space 25600K, 0% used [0x00000000ecc80000,0x00000000ecc80000,0x00000000ee580000)
 ParOldGen       total 232448K, used 39624K [0x0000000080000000, 0x000000008e300000, 0x00000000d5580000)
  object space 232448K, 17% used [0x0000000080000000,0x00000000826b2188,0x000000008e300000)
 Metaspace       used 85395K, capacity 91730K, committed 91776K, reserved 1128448K
  class space    used 12354K, capacity 13679K, committed 13696K, reserved 1048576K
Event: 8.262 GC heap after
Heap after GC invocations=13 (full 3):
 PSYoungGen      total 369152K, used 25588K [0x00000000d5580000, 0x00000000f0080000, 0x0000000100000000)
  eden space 343552K, 0% used [0x00000000d5580000,0x00000000d5580000,0x00000000ea500000)
  from space 25600K, 99% used [0x00000000ecc80000,0x00000000ee57d0e8,0x00000000ee580000)
  to   space 40448K, 0% used [0x00000000ea500000,0x00000000ea500000,0x00000000ecc80000)
 ParOldGen       total 232448K, used 70918K [0x0000000080000000, 0x000000008e300000, 0x00000000d5580000)
  object space 232448K, 30% used [0x0000000080000000,0x0000000084541998,0x000000008e300000)
 Metaspace       used 85395K, capacity 91730K, committed 91776K, reserved 1128448K
  class space    used 12354K, capacity 13679K, committed 13696K, reserved 1048576K
}
Event: 8.430 GC heap before
{Heap before GC invocations=14 (full 3):
 PSYoungGen      total 369152K, used 74546K [0x00000000d5580000, 0x00000000f0080000, 0x0000000100000000)
  eden space 343552K, 14% used [0x00000000d5580000,0x00000000d854fa10,0x00000000ea500000)
  from space 25600K, 99% used [0x00000000ecc80000,0x00000000ee57d0e8,0x00000000ee580000)
  to   space 40448K, 0% used [0x00000000ea500000,0x00000000ea500000,0x00000000ecc80000)
 ParOldGen       total 232448K, used 70918K [0x0000000080000000, 0x000000008e300000, 0x00000000d5580000)
  object space 232448K, 30% used [0x0000000080000000,0x0000000084541998,0x000000008e300000)
 Metaspace       used 90212K, capacity 98402K, committed 98560K, reserved 1132544K
  class space    used 13285K, capacity 14875K, committed 14976K, reserved 1048576K
Event: 8.445 GC heap after
Heap after GC invocations=14 (full 3):
 PSYoungGen      total 384000K, used 33101K [0x00000000d5580000, 0x00000000f5800000, 0x0000000100000000)
  eden space 343552K, 0% used [0x00000000d5580000,0x00000000d5580000,0x00000000ea500000)
  from space 40448K, 81% used [0x00000000ea500000,0x00000000ec553450,0x00000000ecc80000)
  to   space 44032K, 0% used [0x00000000f2d00000,0x00000000f2d00000,0x00000000f5800000)
 ParOldGen       total 232448K, used 70926K [0x0000000080000000, 0x000000008e300000, 0x00000000d5580000)
  object space 232448K, 30% used [0x0000000080000000,0x0000000084543998,0x000000008e300000)
 Metaspace       used 90212K, capacity 98402K, committed 98560K, reserved 1132544K
  class space    used 13285K, capacity 14875K, committed 14976K, reserved 1048576K
}
Event: 8.445 GC heap before
{Heap before GC invocations=15 (full 4):
 PSYoungGen      total 384000K, used 33101K [0x00000000d5580000, 0x00000000f5800000, 0x0000000100000000)
  eden space 343552K, 0% used [0x00000000d5580000,0x00000000d5580000,0x00000000ea500000)
  from space 40448K, 81% used [0x00000000ea500000,0x00000000ec553450,0x00000000ecc80000)
  to   space 44032K, 0% used [0x00000000f2d00000,0x00000000f2d00000,0x00000000f5800000)
 ParOldGen       total 232448K, used 70926K [0x0000000080000000, 0x000000008e300000, 0x00000000d5580000)
  object space 232448K, 30% used [0x0000000080000000,0x0000000084543998,0x000000008e300000)
 Metaspace       used 90212K, capacity 98402K, committed 98560K, reserved 1132544K
  class space    used 13285K, capacity 14875K, committed 14976K, reserved 1048576K
Event: 8.574 GC heap after
Heap after GC invocations=15 (full 4):
 PSYoungGen      total 384000K, used 0K [0x00000000d5580000, 0x00000000f5800000, 0x0000000100000000)
  eden space 343552K, 0% used [0x00000000d5580000,0x00000000d5580000,0x00000000ea500000)
  from space 40448K, 0% used [0x00000000ea500000,0x00000000ea500000,0x00000000ecc80000)
  to   space 44032K, 0% used [0x00000000f2d00000,0x00000000f2d00000,0x00000000f5800000)
 ParOldGen       total 342528K, used 79641K [0x0000000080000000, 0x0000000094e80000, 0x00000000d5580000)
  object space 342528K, 23% used [0x0000000080000000,0x0000000084dc65c0,0x0000000094e80000)
 Metaspace       used 87016K, capacity 91068K, committed 98560K, reserved 1132544K
  class space    used 12120K, capacity 12848K, committed 14976K, reserved 1048576K
}

