# JRE version: Java(TM) SE Runtime Environment (8.0_281-b09) (build 1.8.0_281-b09)
# Java VM: Java HotSpot(TM) 64-Bit Server VM (25.281-b09 mixed mode windows-amd64 compressed oops)
Heap:
 PSYoungGen      total 308736K, used 10922K [0x00000000d5580000, 0x00000000e9400000, 0x0000000100000000)
  eden space 295424K, 0% used [0x00000000d5580000,0x00000000d5580000,0x00000000e7600000)
  from space 13312K, 82% used [0x00000000e8700000,0x00000000e91aa880,0x00000000e9400000)
  to   space 15360K, 0% used [0x00000000e7600000,0x00000000e7600000,0x00000000e8500000)
 ParOldGen       total 155648K, used 14079K [0x0000000080000000, 0x0000000089800000, 0x00000000d5580000)
  object space 155648K, 9% used [0x0000000080000000,0x0000000080dbff90,0x0000000089800000)
 Metaspace       used 47088K, capacity 49114K, committed 49280K, reserved 1095680K
  class space    used 6539K, capacity 6926K, committed 7040K, reserved 1048576K
GC Heap History (10 events):
Event: 1.534 GC heap before
{Heap before GC invocations=5 (full 1):
 PSYoungGen      total 141824K, used 8520K [0x00000000d5580000, 0x00000000dea80000, 0x0000000100000000)
  eden space 131072K, 0% used [0x00000000d5580000,0x00000000d5580000,0x00000000dd580000)
  from space 10752K, 79% used [0x00000000de000000,0x00000000de852028,0x00000000dea80000)
  to   space 10752K, 0% used [0x00000000dd580000,0x00000000dd580000,0x00000000de000000)
 ParOldGen       total 175104K, used 799K [0x0000000080000000, 0x000000008ab00000, 0x00000000d5580000)
  object space 175104K, 0% used [0x0000000080000000,0x00000000800c7f48,0x000000008ab00000)
 Metaspace       used 20577K, capacity 21280K, committed 21296K, reserved 1067008K
  class space    used 3016K, capacity 3194K, committed 3200K, reserved 1048576K
Event: 1.555 GC heap after
Heap after GC invocations=5 (full 1):
 PSYoungGen      total 141824K, used 0K [0x00000000d5580000, 0x00000000dea80000, 0x0000000100000000)
  eden space 131072K, 0% used [0x00000000d5580000,0x00000000d5580000,0x00000000dd580000)
  from space 10752K, 0% used [0x00000000de000000,0x00000000de000000,0x00000000dea80000)
  to   space 10752K, 0% used [0x00000000dd580000,0x00000000dd580000,0x00000000de000000)
 ParOldGen       total 100864K, used 8256K [0x0000000080000000, 0x0000000086280000, 0x00000000d5580000)
  object space 100864K, 8% used [0x0000000080000000,0x00000000808103e0,0x0000000086280000)
 Metaspace       used 20577K, capacity 21280K, committed 21296K, reserved 1067008K
  class space    used 3016K, capacity 3194K, committed 3200K, reserved 1048576K
}
Event: 2.170 GC heap before
{Heap before GC invocations=6 (full 1):
 PSYoungGen      total 141824K, used 131072K [0x00000000d5580000, 0x00000000dea80000, 0x0000000100000000)
  eden space 131072K, 100% used [0x00000000d5580000,0x00000000dd580000,0x00000000dd580000)
  from space 10752K, 0% used [0x00000000de000000,0x00000000de000000,0x00000000dea80000)
  to   space 10752K, 0% used [0x00000000dd580000,0x00000000dd580000,0x00000000de000000)
 ParOldGen       total 100864K, used 8256K [0x0000000080000000, 0x0000000086280000, 0x00000000d5580000)
  object space 100864K, 8% used [0x0000000080000000,0x00000000808103e0,0x0000000086280000)
 Metaspace       used 33258K, capacity 34342K, committed 34688K, reserved 1079296K
  class space    used 4638K, capacity 4896K, committed 4992K, reserved 1048576K
Event: 2.176 GC heap after
Heap after GC invocations=6 (full 1):
 PSYoungGen      total 141824K, used 10742K [0x00000000d5580000, 0x00000000e3c80000, 0x0000000100000000)
  eden space 131072K, 0% used [0x00000000d5580000,0x00000000d5580000,0x00000000dd580000)
  from space 10752K, 99% used [0x00000000dd580000,0x00000000ddffd9f8,0x00000000de000000)
  to   space 15360K, 0% used [0x00000000e2d80000,0x00000000e2d80000,0x00000000e3c80000)
 ParOldGen       total 100864K, used 11236K [0x0000000080000000, 0x0000000086280000, 0x00000000d5580000)
  object space 100864K, 11% used [0x0000000080000000,0x0000000080af9268,0x0000000086280000)
 Metaspace       used 33258K, capacity 34342K, committed 34688K, reserved 1079296K
  class space    used 4638K, capacity 4896K, committed 4992K, reserved 1048576K
}
Event: 2.250 GC heap before
{Heap before GC invocations=7 (full 1):
 PSYoungGen      total 141824K, used 34729K [0x00000000d5580000, 0x00000000e3c80000, 0x0000000100000000)
  eden space 131072K, 18% used [0x00000000d5580000,0x00000000d6cecac0,0x00000000dd580000)
  from space 10752K, 99% used [0x00000000dd580000,0x00000000ddffd9f8,0x00000000de000000)
  to   space 15360K, 0% used [0x00000000e2d80000,0x00000000e2d80000,0x00000000e3c80000)
 ParOldGen       total 100864K, used 11236K [0x0000000080000000, 0x0000000086280000, 0x00000000d5580000)
  object space 100864K, 11% used [0x0000000080000000,0x0000000080af9268,0x0000000086280000)
 Metaspace       used 34160K, capacity 35360K, committed 35496K, reserved 1079296K
  class space    used 4779K, capacity 5041K, committed 5120K, reserved 1048576K
Event: 2.253 GC heap after
Heap after GC invocations=7 (full 1):
 PSYoungGen      total 221696K, used 7338K [0x00000000d5580000, 0x00000000e4500000, 0x0000000100000000)
  eden space 206336K, 0% used [0x00000000d5580000,0x00000000d5580000,0x00000000e1f00000)
  from space 15360K, 47% used [0x00000000e2d80000,0x00000000e34aabb8,0x00000000e3c80000)
  to   space 14848K, 0% used [0x00000000e1f00000,0x00000000e1f00000,0x00000000e2d80000)
 ParOldGen       total 100864K, used 11244K [0x0000000080000000, 0x0000000086280000, 0x00000000d5580000)
  object space 100864K, 11% used [0x0000000080000000,0x0000000080afb268,0x0000000086280000)
 Metaspace       used 34160K, capacity 35360K, committed 35496K, reserved 1079296K
  class space    used 4779K, capacity 5041K, committed 5120K, reserved 1048576K
}
Event: 2.253 GC heap before
{Heap before GC invocations=8 (full 2):
 PSYoungGen      total 221696K, used 7338K [0x00000000d5580000, 0x00000000e4500000, 0x0000000100000000)
  eden space 206336K, 0% used [0x00000000d5580000,0x00000000d5580000,0x00000000e1f00000)
  from space 15360K, 47% used [0x00000000e2d80000,0x00000000e34aabb8,0x00000000e3c80000)
  to   space 14848K, 0% used [0x00000000e1f00000,0x00000000e1f00000,0x00000000e2d80000)
 ParOldGen       total 100864K, used 11244K [0x0000000080000000, 0x0000000086280000, 0x00000000d5580000)
  object space 100864K, 11% used [0x0000000080000000,0x0000000080afb268,0x0000000086280000)
 Metaspace       used 34160K, capacity 35360K, committed 35496K, reserved 1079296K
  class space    used 4779K, capacity 5041K, committed 5120K, reserved 1048576K
Event: 2.280 GC heap after
Heap after GC invocations=8 (full 2):
 PSYoungGen      total 221696K, used 0K [0x00000000d5580000, 0x00000000e4500000, 0x0000000100000000)
  eden space 206336K, 0% used [0x00000000d5580000,0x00000000d5580000,0x00000000e1f00000)
  from space 15360K, 0% used [0x00000000e2d80000,0x00000000e2d80000,0x00000000e3c80000)
  to   space 14848K, 0% used [0x00000000e1f00000,0x00000000e1f00000,0x00000000e2d80000)
 ParOldGen       total 155648K, used 14063K [0x0000000080000000, 0x0000000089800000, 0x00000000d5580000)
  object space 155648K, 9% used [0x0000000080000000,0x0000000080dbbf90,0x0000000089800000)
 Metaspace       used 34160K, capacity 35360K, committed 35496K, reserved 1079296K
  class space    used 4779K, capacity 5041K, committed 5120K, reserved 1048576K
}
Event: 2.900 GC heap before
{Heap before GC invocations=9 (full 2):
 PSYoungGen      total 221696K, used 206336K [0x00000000d5580000, 0x00000000e4500000, 0x0000000100000000)
  eden space 206336K, 100% used [0x00000000d5580000,0x00000000e1f00000,0x00000000e1f00000)
  from space 15360K, 0% used [0x00000000e2d80000,0x00000000e2d80000,0x00000000e3c80000)
  to   space 14848K, 0% used [0x00000000e1f00000,0x00000000e1f00000,0x00000000e2d80000)
 ParOldGen       total 155648K, used 14063K [0x0000000080000000, 0x0000000089800000, 0x00000000d5580000)
  object space 155648K, 9% used [0x0000000080000000,0x0000000080dbbf90,0x0000000089800000)
 Metaspace       used 41371K, capacity 43274K, committed 43520K, reserved 1087488K
  class space    used 5748K, capacity 6131K, committed 6144K, reserved 1048576K
Event: 2.905 GC heap after
Heap after GC invocations=9 (full 2):
 PSYoungGen      total 221184K, used 11696K [0x00000000d5580000, 0x00000000e9600000, 0x0000000100000000)
  eden space 206336K, 0% used [0x00000000d5580000,0x00000000d5580000,0x00000000e1f00000)
  from space 14848K, 78% used [0x00000000e1f00000,0x00000000e2a6c338,0x00000000e2d80000)
  to   space 15360K, 0% used [0x00000000e8700000,0x00000000e8700000,0x00000000e9600000)
 ParOldGen       total 155648K, used 14071K [0x0000000080000000, 0x0000000089800000, 0x00000000d5580000)
  object space 155648K, 9% used [0x0000000080000000,0x0000000080dbdf90,0x0000000089800000)
 Metaspace       used 41371K, capacity 43274K, committed 43520K, reserved 1087488K
  class space    used 5748K, capacity 6131K, committed 6144K, reserved 1048576K
}

