# JRE version: Java(TM) SE Runtime Environment (8.0_281-b09) (build 1.8.0_281-b09)
# Java VM: Java HotSpot(TM) 64-Bit Server VM (25.281-b09 mixed mode windows-amd64 compressed oops)
Heap:
 PSYoungGen      total 432128K, used 379443K [0x00000000d5580000, 0x00000000f4100000, 0x0000000100000000)
  eden space 408064K, 87% used [0x00000000d5580000,0x00000000eb0ad610,0x00000000ee400000)
  from space 24064K, 99% used [0x00000000ef080000,0x00000000f07f5980,0x00000000f0800000)
  to   space 47616K, 0% used [0x00000000f1280000,0x00000000f1280000,0x00000000f4100000)
 ParOldGen       total 350720K, used 81149K [0x0000000080000000, 0x0000000095680000, 0x00000000d5580000)
  object space 350720K, 23% used [0x0000000080000000,0x0000000084f3f610,0x0000000095680000)
 Metaspace       used 99339K, capacity 105035K, committed 106496K, reserved 1140736K
  class space    used 13384K, capacity 14395K, committed 15104K, reserved 1048576K
GC Heap History (10 events):
Event: 96.060 GC heap before
{Heap before GC invocations=13 (full 3):
 PSYoungGen      total 339968K, used 334344K [0x00000000d5580000, 0x00000000ef400000, 0x0000000100000000)
  eden space 317440K, 99% used [0x00000000d5580000,0x00000000e89f9620,0x00000000e8b80000)
  from space 22528K, 81% used [0x00000000e8b80000,0x00000000e9d88d58,0x00000000ea180000)
  to   space 24064K, 0% used [0x00000000edc80000,0x00000000edc80000,0x00000000ef400000)
 ParOldGen       total 222720K, used 39158K [0x0000000080000000, 0x000000008d980000, 0x00000000d5580000)
  object space 222720K, 17% used [0x0000000080000000,0x000000008263d900,0x000000008d980000)
 Metaspace       used 77052K, capacity 81044K, committed 81152K, reserved 1120256K
  class space    used 10509K, capacity 11223K, committed 11264K, reserved 1048576K
Event: 96.081 GC heap after
Heap after GC invocations=13 (full 3):
 PSYoungGen      total 388096K, used 24052K [0x00000000d5580000, 0x00000000f0180000, 0x0000000100000000)
  eden space 364032K, 0% used [0x00000000d5580000,0x00000000d5580000,0x00000000eb900000)
  from space 24064K, 99% used [0x00000000edc80000,0x00000000ef3fd0a0,0x00000000ef400000)
  to   space 36352K, 0% used [0x00000000eb900000,0x00000000eb900000,0x00000000edc80000)
 ParOldGen       total 222720K, used 63945K [0x0000000080000000, 0x000000008d980000, 0x00000000d5580000)
  object space 222720K, 28% used [0x0000000080000000,0x0000000083e72540,0x000000008d980000)
 Metaspace       used 77052K, capacity 81044K, committed 81152K, reserved 1120256K
  class space    used 10509K, capacity 11223K, committed 11264K, reserved 1048576K
}
Event: 98.619 GC heap before
{Heap before GC invocations=14 (full 3):
 PSYoungGen      total 388096K, used 349539K [0x00000000d5580000, 0x00000000f0180000, 0x0000000100000000)
  eden space 364032K, 89% used [0x00000000d5580000,0x00000000e935bd80,0x00000000eb900000)
  from space 24064K, 99% used [0x00000000edc80000,0x00000000ef3fd0a0,0x00000000ef400000)
  to   space 36352K, 0% used [0x00000000eb900000,0x00000000eb900000,0x00000000edc80000)
 ParOldGen       total 222720K, used 63945K [0x0000000080000000, 0x000000008d980000, 0x00000000d5580000)
  object space 222720K, 28% used [0x0000000080000000,0x0000000083e72540,0x000000008d980000)
 Metaspace       used 92210K, capacity 98556K, committed 98560K, reserved 1134592K
  class space    used 12925K, capacity 14208K, committed 14208K, reserved 1048576K
Event: 98.652 GC heap after
Heap after GC invocations=14 (full 3):
 PSYoungGen      total 400384K, used 36339K [0x00000000d5580000, 0x00000000f5000000, 0x0000000100000000)
  eden space 364032K, 0% used [0x00000000d5580000,0x00000000d5580000,0x00000000eb900000)
  from space 36352K, 99% used [0x00000000eb900000,0x00000000edc7cc30,0x00000000edc80000)
  to   space 49152K, 0% used [0x00000000f2000000,0x00000000f2000000,0x00000000f5000000)
 ParOldGen       total 222720K, used 84591K [0x0000000080000000, 0x000000008d980000, 0x00000000d5580000)
  object space 222720K, 37% used [0x0000000080000000,0x000000008529bd88,0x000000008d980000)
 Metaspace       used 92210K, capacity 98556K, committed 98560K, reserved 1134592K
  class space    used 12925K, capacity 14208K, committed 14208K, reserved 1048576K
}
Event: 98.652 GC heap before
{Heap before GC invocations=15 (full 4):
 PSYoungGen      total 400384K, used 36339K [0x00000000d5580000, 0x00000000f5000000, 0x0000000100000000)
  eden space 364032K, 0% used [0x00000000d5580000,0x00000000d5580000,0x00000000eb900000)
  from space 36352K, 99% used [0x00000000eb900000,0x00000000edc7cc30,0x00000000edc80000)
  to   space 49152K, 0% used [0x00000000f2000000,0x00000000f2000000,0x00000000f5000000)
 ParOldGen       total 222720K, used 84591K [0x0000000080000000, 0x000000008d980000, 0x00000000d5580000)
  object space 222720K, 37% used [0x0000000080000000,0x000000008529bd88,0x000000008d980000)
 Metaspace       used 92210K, capacity 98556K, committed 98560K, reserved 1134592K
  class space    used 12925K, capacity 14208K, committed 14208K, reserved 1048576K
Event: 98.772 GC heap after
Heap after GC invocations=15 (full 4):
 PSYoungGen      total 400384K, used 0K [0x00000000d5580000, 0x00000000f5000000, 0x0000000100000000)
  eden space 364032K, 0% used [0x00000000d5580000,0x00000000d5580000,0x00000000eb900000)
  from space 36352K, 0% used [0x00000000eb900000,0x00000000eb900000,0x00000000edc80000)
  to   space 49152K, 0% used [0x00000000f2000000,0x00000000f2000000,0x00000000f5000000)
 ParOldGen       total 350720K, used 81125K [0x0000000080000000, 0x0000000095680000, 0x00000000d5580000)
  object space 350720K, 23% used [0x0000000080000000,0x0000000084f39610,0x0000000095680000)
 Metaspace       used 90258K, capacity 94177K, committed 98560K, reserved 1134592K
  class space    used 12216K, capacity 12967K, committed 14208K, reserved 1048576K
}
Event: 100.639 GC heap before
{Heap before GC invocations=16 (full 4):
 PSYoungGen      total 400384K, used 364032K [0x00000000d5580000, 0x00000000f5000000, 0x0000000100000000)
  eden space 364032K, 100% used [0x00000000d5580000,0x00000000eb900000,0x00000000eb900000)
  from space 36352K, 0% used [0x00000000eb900000,0x00000000eb900000,0x00000000edc80000)
  to   space 49152K, 0% used [0x00000000f2000000,0x00000000f2000000,0x00000000f5000000)
 ParOldGen       total 350720K, used 81125K [0x0000000080000000, 0x0000000095680000, 0x00000000d5580000)
  object space 350720K, 23% used [0x0000000080000000,0x0000000084f39610,0x0000000095680000)
 Metaspace       used 96679K, capacity 102161K, committed 104064K, reserved 1138688K
  class space    used 13196K, capacity 14164K, committed 14976K, reserved 1048576K
Event: 100.645 GC heap after
Heap after GC invocations=16 (full 4):
 PSYoungGen      total 470016K, used 6831K [0x00000000d5580000, 0x00000000f5200000, 0x0000000100000000)
  eden space 420864K, 0% used [0x00000000d5580000,0x00000000d5580000,0x00000000ef080000)
  from space 49152K, 13% used [0x00000000f2000000,0x00000000f26abd68,0x00000000f5000000)
  to   space 48640K, 0% used [0x00000000ef080000,0x00000000ef080000,0x00000000f2000000)
 ParOldGen       total 350720K, used 81133K [0x0000000080000000, 0x0000000095680000, 0x00000000d5580000)
  object space 350720K, 23% used [0x0000000080000000,0x0000000084f3b610,0x0000000095680000)
 Metaspace       used 96679K, capacity 102161K, committed 104064K, reserved 1138688K
  class space    used 13196K, capacity 14164K, committed 14976K, reserved 1048576K
}
Event: 9733.833 GC heap before
{Heap before GC invocations=17 (full 4):
 PSYoungGen      total 470016K, used 427695K [0x00000000d5580000, 0x00000000f5200000, 0x0000000100000000)
  eden space 420864K, 100% used [0x00000000d5580000,0x00000000ef080000,0x00000000ef080000)
  from space 49152K, 13% used [0x00000000f2000000,0x00000000f26abd68,0x00000000f5000000)
  to   space 48640K, 0% used [0x00000000ef080000,0x00000000ef080000,0x00000000f2000000)
 ParOldGen       total 350720K, used 81133K [0x0000000080000000, 0x0000000095680000, 0x00000000d5580000)
  object space 350720K, 23% used [0x0000000080000000,0x0000000084f3b610,0x0000000095680000)
 Metaspace       used 98906K, capacity 104575K, committed 106240K, reserved 1140736K
  class space    used 13347K, capacity 14365K, committed 15104K, reserved 1048576K
Event: 9733.943 GC heap after
Heap after GC invocations=17 (full 4):
 PSYoungGen      total 432128K, used 24022K [0x00000000d5580000, 0x00000000f4100000, 0x0000000100000000)
  eden space 408064K, 0% used [0x00000000d5580000,0x00000000d5580000,0x00000000ee400000)
  from space 24064K, 99% used [0x00000000ef080000,0x00000000f07f5980,0x00000000f0800000)
  to   space 47616K, 0% used [0x00000000f1280000,0x00000000f1280000,0x00000000f4100000)
 ParOldGen       total 350720K, used 81149K [0x0000000080000000, 0x0000000095680000, 0x00000000d5580000)
  object space 350720K, 23% used [0x0000000080000000,0x0000000084f3f610,0x0000000095680000)
 Metaspace       used 98906K, capacity 104575K, committed 106240K, reserved 1140736K
  class space    used 13347K, capacity 14365K, committed 15104K, reserved 1048576K
}

